<?xml version="1.0" encoding="UTF-8"?>
<!-- Generated by org.testng.reporters.JUnitReportReporter -->
<testsuite skipped="0" hostname="WKWIN3478482" name="com.demo.testCases.LoginApp" tests="1" failures="0" timestamp="25 Feb 2019 05:48:00 GMT" time="9.162" errors="0">
  <testcase name="logntoApp" time="9.162" classname="com.demo.testCases.LoginApp"/>
</testsuite> <!-- com.demo.testCases.LoginApp -->
