<?xml version="1.0" encoding="UTF-8"?>
<!-- Generated by org.testng.reporters.JUnitReportReporter -->
<testsuite skipped="0" hostname="WKWIN3478482" name="com.demo.testCases.LoginApp" tests="1" failures="0" timestamp="22 Feb 2019 10:33:53 GMT" time="14.998" errors="0">
  <testcase name="logntoApp" time="14.998" classname="com.demo.testCases.LoginApp"/>
</testsuite> <!-- com.demo.testCases.LoginApp -->
